<?xml version="1.0" encoding="UTF-8"?>
<testsuite name="Automation Testing" tests="2" errors="0" failures="1" skipped="0" time="101.241" timestamp="2022-09-29T13:38:32.809000">
<testcase classname="Automation Testing" name="Validação de login de usuario" time="75.847">
</testcase>
<testcase classname="Automation Testing" name="Validação do fluxo de pedidos" time="1.491">
<failure message="Element with locator '//span[@class='heading-counter'][contains(.,'1 result has been found.')]' not found." type="AssertionError"/>
</testcase>
<properties>
<property name="Documentation" value="URL da página: http://automationpractice.com/index.php&#10;Autor: Arlison Marreiro Nascimento"/>
</properties>
</testsuite>
